Arguments: 
  C:\Program Files\nodejs\node.exe C:\Users\admin\AppData\Roaming\npm\node_modules\yarn\bin\yarn.js

PATH: 
  C:\ProgramData\Oracle\Java\javapath;C:\Windows\system32;C:\Windows;C:\Windows\System32\Wbem;C:\Windows\System32\WindowsPowerShell\v1.0\;C:\Windows\System32\OpenSSH\;C:\Users\admin\AppData\Roaming\nvm;C:\Program Files\nodejs;C:\Users\admin\AppData\Local\Android\Sdk\tools;C:\mysql-8.0.25-winx64\bin;C:\Program Files\Redis\;C:\Program Files (x86)\Pulse Secure\VC142.CRT\X64\;C:\Program Files (x86)\Pulse Secure\VC142.CRT\X86\;C:\Program Files (x86)\Tencent\微信web开发者工具\dll;C:\Program Files\Git\cmd;C:\Users\admin\AppData\Local\Android\Sdk\platform-tools;C:\Users\admin\.windows-build-tools\python27\;C:\Users\admin\AppData\Roaming\nvm\v14.18.1\node_modules\npm\node_modules\npm-lifecycle\node-gyp-bin;C:\Program Files\nodejs\node_modules\windows-build-tools\node_modules\.bin;C:\Program Files\nodejs\node_modules\.bin;C:\ProgramData\Oracle\Java\javapath;C:\Windows\system32;C:\Windows;C:\Windows\System32\Wbem;C:\Windows\System32\WindowsPowerShell\v1.0\;C:\Windows\System32\OpenSSH\;C:\Users\admin\AppData\Roaming\nvm;C:\Program Files\nodejs;C:\Program Files\Git\cmd;C:\Users\admin\AppData\Local\Android\Sdk\tools;C:\Program Files\Go\bin;C:\mysql-8.0.25-winx64\bin;C:\Program Files\Redis\;C:\Program Files (x86)\Pulse Secure\VC142.CRT\X64\;C:\Program Files (x86)\Pulse Secure\VC142.CRT\X86\;C:\Users\admin\AppData\Local\Microsoft\WindowsApps;C:\Users\admin\AppData\Roaming\npm;C:\Users\admin\AppData\Local\Programs\Microsoft VS Code\bin;C:\Users\admin\go\bin;C:\Users\admin\AppData\Local\Programs\IPFS Desktop\resources\app.asar.unpacked\src\ipfs-on-path\scripts\bin-win

Yarn version: 
  1.22.11

Node version: 
  16.13.2

Platform: 
  win32 x64

Trace: 
  Error: connect ETIMEDOUT 104.16.20.35:443
      at TCPConnectWrap.afterConnect [as oncomplete] (node:net:1161:16)

npm manifest: 
  {
    "name": "temp",
    "version": "1.0.0",
    "description": "none",
    "author": "colorssk",
    "license": "MIT",
    "private": true,
    "dependencies": {
      "@ant-design/icons": "^4.7.0",
      "@testing-library/jest-dom": "^4.2.4",
      "@testing-library/react": "^9.5.0",
      "@testing-library/user-event": "^7.2.1",
      "antd": "^3.17.0",
      "axios": "^0.19.2",
      "classnames": "^2.3.1",
      "decimal.js": "^10.3.1",
      "js-cookie": "^2.2.1",
      "jszip": "^3.4.0",
      "less": "^3.9.0",
      "less-loader": "^5.0.0",
      "lodash": "^4.17.21",
      "nprogress": "^0.2.0",
      "prop-types": "^15.7.2",
      "react": "^16.13.1",
      "react-beautiful-dnd": "^13.0.0",
      "react-countup": "^4.3.3",
      "react-custom-scrollbars": "^4.2.1",
      "react-document-title": "^2.0.3",
      "react-dom": "^16.13.1",
      "react-draft-wysiwyg": "^1.14.5",
      "react-loadable": "^5.5.0",
      "react-redux": "^7.2.0",
      "react-router-dom": "^5.1.2",
      "react-scripts": "3.4.1",
      "react-transition-group": "^4.4.1",
      "redux": "^4.0.5",
      "redux-persist": "^6.0.0",
      "redux-react-hook": "^4.0.3",
      "redux-thunk": "^2.3.0",
      "screenfull": "^5.0.2",
      "script-loader": "^0.7.2",
      "ss-ui-library": "^1.4.1",
      "style-resources-loader": "^1.5.0",
      "xlsx": "^0.16.0"
    },
    "scripts": {
      "start": "react-app-rewired start",
      "build": "react-app-rewired  build ",
      "test": "react-app-rewired test",
      "eject": "react-scripts eject",
      "commit": "git cz"
    },
    "eslintConfig": {
      "extends": "react-app"
    },
    "browserslist": {
      "production": [
        ">0.2%",
        "not dead",
        "not op_mini all"
      ],
      "development": [
        "last 1 chrome version",
        "last 1 firefox version",
        "last 1 safari version"
      ]
    },
    "devDependencies": {
      "babel-plugin-import": "^1.13.0",
      "commitizen": "^4.0.3",
      "customize-cra": "^0.9.1",
      "mockjs": "^1.1.0",
      "react-app-rewire-less-modules": "^1.3.0",
      "react-app-rewired": "^2.1.5"
    }
  }

yarn manifest: 
  No manifest

Lockfile: 
  No lockfile
